Traceback (most recent call last):
  File "/Users/hernando/opt/anaconda3/lib/python3.9/site-packages/jupyter_cache/executors/utils.py", line 51, in single_nb_execution
    executenb(
  File "/Users/hernando/opt/anaconda3/lib/python3.9/site-packages/nbclient/client.py", line 1204, in execute
    return NotebookClient(nb=nb, resources=resources, km=km, **kwargs).execute()
  File "/Users/hernando/opt/anaconda3/lib/python3.9/site-packages/nbclient/util.py", line 84, in wrapped
    return just_run(coro(*args, **kwargs))
  File "/Users/hernando/opt/anaconda3/lib/python3.9/site-packages/nbclient/util.py", line 62, in just_run
    return loop.run_until_complete(coro)
  File "/Users/hernando/opt/anaconda3/lib/python3.9/asyncio/base_events.py", line 647, in run_until_complete
    return future.result()
  File "/Users/hernando/opt/anaconda3/lib/python3.9/site-packages/nbclient/client.py", line 663, in async_execute
    await self.async_execute_cell(
  File "/Users/hernando/opt/anaconda3/lib/python3.9/site-packages/nbclient/client.py", line 965, in async_execute_cell
    await self._check_raise_for_error(cell, cell_index, exec_reply)
  File "/Users/hernando/opt/anaconda3/lib/python3.9/site-packages/nbclient/client.py", line 862, in _check_raise_for_error
    raise CellExecutionError.from_cell_and_msg(cell, exec_reply_content)
nbclient.exceptions.CellExecutionError: An error occurred while executing the following cell:
------------------
from common_functions import edipole
x0, y0 = 0., 0.
V, Ex, Ey = edipole(1., 1.5, 0., -1.5, 0.)
gf.contour(V, contours= 100, zlim=(-5., 5.))
gf.arrow(x0, y0, Ex(x0, y0), Ey(x0, y0));
------------------

[0;31m---------------------------------------------------------------------------[0m
[0;31mModuleNotFoundError[0m                       Traceback (most recent call last)
[0;32m/var/folders/56/_pmdccc97ljb_l3v3s6gkrxm0000gn/T/ipykernel_6946/2330542962.py[0m in [0;36m<module>[0;34m[0m
[0;32m----> 1[0;31m [0;32mfrom[0m [0mcommon_functions[0m [0;32mimport[0m [0medipole[0m[0;34m[0m[0;34m[0m[0m
[0m[1;32m      2[0m [0mx0[0m[0;34m,[0m [0my0[0m [0;34m=[0m [0;36m0.[0m[0;34m,[0m [0;36m0.[0m[0;34m[0m[0;34m[0m[0m
[1;32m      3[0m [0mV[0m[0;34m,[0m [0mEx[0m[0;34m,[0m [0mEy[0m [0;34m=[0m [0medipole[0m[0;34m([0m[0;36m1.[0m[0;34m,[0m [0;36m1.5[0m[0;34m,[0m [0;36m0.[0m[0;34m,[0m [0;34m-[0m[0;36m1.5[0m[0;34m,[0m [0;36m0.[0m[0;34m)[0m[0;34m[0m[0;34m[0m[0m
[1;32m      4[0m [0mgf[0m[0;34m.[0m[0mcontour[0m[0;34m([0m[0mV[0m[0;34m,[0m [0mcontours[0m[0;34m=[0m [0;36m100[0m[0;34m,[0m [0mzlim[0m[0;34m=[0m[0;34m([0m[0;34m-[0m[0;36m5.[0m[0;34m,[0m [0;36m5.[0m[0;34m)[0m[0;34m)[0m[0;34m[0m[0;34m[0m[0m
[1;32m      5[0m [0mgf[0m[0;34m.[0m[0marrow[0m[0;34m([0m[0mx0[0m[0;34m,[0m [0my0[0m[0;34m,[0m [0mEx[0m[0;34m([0m[0mx0[0m[0;34m,[0m [0my0[0m[0;34m)[0m[0;34m,[0m [0mEy[0m[0;34m([0m[0mx0[0m[0;34m,[0m [0my0[0m[0;34m)[0m[0;34m)[0m[0;34m;[0m[0;34m[0m[0;34m[0m[0m

[0;31mModuleNotFoundError[0m: No module named 'common_functions'
ModuleNotFoundError: No module named 'common_functions'

