Traceback (most recent call last):
  File "/Users/hernando/opt/anaconda3/lib/python3.9/site-packages/jupyter_cache/executors/utils.py", line 51, in single_nb_execution
    executenb(
  File "/Users/hernando/opt/anaconda3/lib/python3.9/site-packages/nbclient/client.py", line 1204, in execute
    return NotebookClient(nb=nb, resources=resources, km=km, **kwargs).execute()
  File "/Users/hernando/opt/anaconda3/lib/python3.9/site-packages/nbclient/util.py", line 84, in wrapped
    return just_run(coro(*args, **kwargs))
  File "/Users/hernando/opt/anaconda3/lib/python3.9/site-packages/nbclient/util.py", line 62, in just_run
    return loop.run_until_complete(coro)
  File "/Users/hernando/opt/anaconda3/lib/python3.9/asyncio/base_events.py", line 647, in run_until_complete
    return future.result()
  File "/Users/hernando/opt/anaconda3/lib/python3.9/site-packages/nbclient/client.py", line 663, in async_execute
    await self.async_execute_cell(
  File "/Users/hernando/opt/anaconda3/lib/python3.9/site-packages/nbclient/client.py", line 965, in async_execute_cell
    await self._check_raise_for_error(cell, cell_index, exec_reply)
  File "/Users/hernando/opt/anaconda3/lib/python3.9/site-packages/nbclient/client.py", line 862, in _check_raise_for_error
    raise CellExecutionError.from_cell_and_msg(cell, exec_reply_content)
nbclient.exceptions.CellExecutionError: An error occurred while executing the following cell:
------------------
# general imports
%matplotlib inline
%reload_ext autoreload
%autoreload 2

# numpy and matplotlib
import numpy as np
import matplotlib
import matplotlib.pyplot as plt
from mpl_toolkits.mplot3d import Axes3D
matplotlib.style.use('ggplot')
import graph_utils as gf

figsize = 6, 3.8
cmap    = 'hot'
------------------

[0;31m---------------------------------------------------------------------------[0m
[0;31mKeyboardInterrupt[0m                         Traceback (most recent call last)
[0;32m/var/folders/56/_pmdccc97ljb_l3v3s6gkrxm0000gn/T/ipykernel_22112/874683189.py[0m in [0;36m<module>[0;34m[0m
[1;32m      1[0m [0;31m# general imports[0m[0;34m[0m[0;34m[0m[0m
[0;32m----> 2[0;31m [0mget_ipython[0m[0;34m([0m[0;34m)[0m[0;34m.[0m[0mrun_line_magic[0m[0;34m([0m[0;34m'matplotlib'[0m[0;34m,[0m [0;34m'inline'[0m[0;34m)[0m[0;34m[0m[0;34m[0m[0m
[0m[1;32m      3[0m [0mget_ipython[0m[0;34m([0m[0;34m)[0m[0;34m.[0m[0mrun_line_magic[0m[0;34m([0m[0;34m'reload_ext'[0m[0;34m,[0m [0;34m'autoreload'[0m[0;34m)[0m[0;34m[0m[0;34m[0m[0m
[1;32m      4[0m [0mget_ipython[0m[0;34m([0m[0;34m)[0m[0;34m.[0m[0mrun_line_magic[0m[0;34m([0m[0;34m'autoreload'[0m[0;34m,[0m [0;34m'2'[0m[0;34m)[0m[0;34m[0m[0;34m[0m[0m
[1;32m      5[0m [0;34m[0m[0m

[0;32m~/opt/anaconda3/lib/python3.9/site-packages/IPython/core/interactiveshell.py[0m in [0;36mrun_line_magic[0;34m(self, magic_name, line, _stack_depth)[0m
[1;32m   2362[0m                 [0mkwargs[0m[0;34m[[0m[0;34m'local_ns'[0m[0;34m][0m [0;34m=[0m [0mself[0m[0;34m.[0m[0mget_local_scope[0m[0;34m([0m[0mstack_depth[0m[0;34m)[0m[0;34m[0m[0;34m[0m[0m
[1;32m   2363[0m             [0;32mwith[0m [0mself[0m[0;34m.[0m[0mbuiltin_trap[0m[0;34m:[0m[0;34m[0m[0;34m[0m[0m
[0;32m-> 2364[0;31m                 [0mresult[0m [0;34m=[0m [0mfn[0m[0;34m([0m[0;34m*[0m[0margs[0m[0;34m,[0m [0;34m**[0m[0mkwargs[0m[0;34m)[0m[0;34m[0m[0;34m[0m[0m
[0m[1;32m   2365[0m             [0;32mreturn[0m [0mresult[0m[0;34m[0m[0;34m[0m[0m
[1;32m   2366[0m [0;34m[0m[0m

[0;32m~/opt/anaconda3/lib/python3.9/site-packages/decorator.py[0m in [0;36mfun[0;34m(*args, **kw)[0m
[1;32m    230[0m             [0;32mif[0m [0;32mnot[0m [0mkwsyntax[0m[0;34m:[0m[0;34m[0m[0;34m[0m[0m
[1;32m    231[0m                 [0margs[0m[0;34m,[0m [0mkw[0m [0;34m=[0m [0mfix[0m[0;34m([0m[0margs[0m[0;34m,[0m [0mkw[0m[0;34m,[0m [0msig[0m[0;34m)[0m[0;34m[0m[0;34m[0m[0m
[0;32m--> 232[0;31m             [0;32mreturn[0m [0mcaller[0m[0;34m([0m[0mfunc[0m[0;34m,[0m [0;34m*[0m[0;34m([0m[0mextras[0m [0;34m+[0m [0margs[0m[0;34m)[0m[0;34m,[0m [0;34m**[0m[0mkw[0m[0;34m)[0m[0;34m[0m[0;34m[0m[0m
[0m[1;32m    233[0m     [0mfun[0m[0;34m.[0m[0m__name__[0m [0;34m=[0m [0mfunc[0m[0;34m.[0m[0m__name__[0m[0;34m[0m[0;34m[0m[0m
[1;32m    234[0m     [0mfun[0m[0;34m.[0m[0m__doc__[0m [0;34m=[0m [0mfunc[0m[0;34m.[0m[0m__doc__[0m[0;34m[0m[0;34m[0m[0m

[0;32m~/opt/anaconda3/lib/python3.9/site-packages/IPython/core/magic.py[0m in [0;36m<lambda>[0;34m(f, *a, **k)[0m
[1;32m    185[0m     [0;31m# but it's overkill for just that one bit of state.[0m[0;34m[0m[0;34m[0m[0m
[1;32m    186[0m     [0;32mdef[0m [0mmagic_deco[0m[0;34m([0m[0marg[0m[0;34m)[0m[0;34m:[0m[0;34m[0m[0;34m[0m[0m
[0;32m--> 187[0;31m         [0mcall[0m [0;34m=[0m [0;32mlambda[0m [0mf[0m[0;34m,[0m [0;34m*[0m[0ma[0m[0;34m,[0m [0;34m**[0m[0mk[0m[0;34m:[0m [0mf[0m[0;34m([0m[0;34m*[0m[0ma[0m[0;34m,[0m [0;34m**[0m[0mk[0m[0;34m)[0m[0;34m[0m[0;34m[0m[0m
[0m[1;32m    188[0m [0;34m[0m[0m
[1;32m    189[0m         [0;32mif[0m [0mcallable[0m[0;34m([0m[0marg[0m[0;34m)[0m[0;34m:[0m[0;34m[0m[0;34m[0m[0m

[0;32m~/opt/anaconda3/lib/python3.9/site-packages/IPython/core/magics/pylab.py[0m in [0;36mmatplotlib[0;34m(self, line)[0m
[1;32m     97[0m             [0mprint[0m[0;34m([0m[0;34m"Available matplotlib backends: %s"[0m [0;34m%[0m [0mbackends_list[0m[0;34m)[0m[0;34m[0m[0;34m[0m[0m
[1;32m     98[0m         [0;32melse[0m[0;34m:[0m[0;34m[0m[0;34m[0m[0m
[0;32m---> 99[0;31m             [0mgui[0m[0;34m,[0m [0mbackend[0m [0;34m=[0m [0mself[0m[0;34m.[0m[0mshell[0m[0;34m.[0m[0menable_matplotlib[0m[0;34m([0m[0margs[0m[0;34m.[0m[0mgui[0m[0;34m.[0m[0mlower[0m[0;34m([0m[0;34m)[0m [0;32mif[0m [0misinstance[0m[0;34m([0m[0margs[0m[0;34m.[0m[0mgui[0m[0;34m,[0m [0mstr[0m[0;34m)[0m [0;32melse[0m [0margs[0m[0;34m.[0m[0mgui[0m[0;34m)[0m[0;34m[0m[0;34m[0m[0m
[0m[1;32m    100[0m             [0mself[0m[0;34m.[0m[0m_show_matplotlib_backend[0m[0;34m([0m[0margs[0m[0;34m.[0m[0mgui[0m[0;34m,[0m [0mbackend[0m[0;34m)[0m[0;34m[0m[0;34m[0m[0m
[1;32m    101[0m [0;34m[0m[0m

[0;32m~/opt/anaconda3/lib/python3.9/site-packages/IPython/core/interactiveshell.py[0m in [0;36menable_matplotlib[0;34m(self, gui)[0m
[1;32m   3531[0m         """
[1;32m   3532[0m         [0;32mfrom[0m [0mIPython[0m[0;34m.[0m[0mcore[0m [0;32mimport[0m [0mpylabtools[0m [0;32mas[0m [0mpt[0m[0;34m[0m[0;34m[0m[0m
[0;32m-> 3533[0;31m         [0;32mfrom[0m [0mmatplotlib_inline[0m[0;34m.[0m[0mbackend_inline[0m [0;32mimport[0m [0mconfigure_inline_support[0m[0;34m[0m[0;34m[0m[0m
[0m[1;32m   3534[0m         [0mgui[0m[0;34m,[0m [0mbackend[0m [0;34m=[0m [0mpt[0m[0;34m.[0m[0mfind_gui_and_backend[0m[0;34m([0m[0mgui[0m[0;34m,[0m [0mself[0m[0;34m.[0m[0mpylab_gui_select[0m[0;34m)[0m[0;34m[0m[0;34m[0m[0m
[1;32m   3535[0m [0;34m[0m[0m

[0;32m~/opt/anaconda3/lib/python3.9/site-packages/matplotlib_inline/__init__.py[0m in [0;36m<module>[0;34m[0m
[0;32m----> 1[0;31m [0;32mfrom[0m [0;34m.[0m [0;32mimport[0m [0mbackend_inline[0m[0;34m,[0m [0mconfig[0m  [0;31m# noqa[0m[0;34m[0m[0;34m[0m[0m
[0m[1;32m      2[0m [0m__version__[0m [0;34m=[0m [0;34m"0.1.6"[0m  [0;31m# noqa[0m[0;34m[0m[0;34m[0m[0m

[0;32m~/opt/anaconda3/lib/python3.9/site-packages/matplotlib_inline/backend_inline.py[0m in [0;36m<module>[0;34m[0m
[1;32m      6[0m [0;32mimport[0m [0mmatplotlib[0m[0;34m[0m[0;34m[0m[0m
[1;32m      7[0m [0;32mfrom[0m [0mmatplotlib[0m [0;32mimport[0m [0mcolors[0m[0;34m[0m[0;34m[0m[0m
[0;32m----> 8[0;31m [0;32mfrom[0m [0mmatplotlib[0m[0;34m.[0m[0mbackends[0m [0;32mimport[0m [0mbackend_agg[0m[0;34m[0m[0;34m[0m[0m
[0m[1;32m      9[0m [0;32mfrom[0m [0mmatplotlib[0m[0;34m.[0m[0mbackends[0m[0;34m.[0m[0mbackend_agg[0m [0;32mimport[0m [0mFigureCanvasAgg[0m[0;34m[0m[0;34m[0m[0m
[1;32m     10[0m [0;32mfrom[0m [0mmatplotlib[0m[0;34m.[0m[0m_pylab_helpers[0m [0;32mimport[0m [0mGcf[0m[0;34m[0m[0;34m[0m[0m

[0;32m~/opt/anaconda3/lib/python3.9/site-packages/matplotlib/backends/backend_agg.py[0m in [0;36m<module>[0;34m[0m
[1;32m     35[0m [0;32mfrom[0m [0mmatplotlib[0m [0;32mimport[0m [0m_api[0m[0;34m,[0m [0mcbook[0m[0;34m[0m[0;34m[0m[0m
[1;32m     36[0m [0;32mfrom[0m [0mmatplotlib[0m [0;32mimport[0m [0mcolors[0m [0;32mas[0m [0mmcolors[0m[0;34m[0m[0;34m[0m[0m
[0;32m---> 37[0;31m from matplotlib.backend_bases import (
[0m[1;32m     38[0m     [0m_Backend[0m[0;34m,[0m [0m_check_savefig_extra_args[0m[0;34m,[0m [0mFigureCanvasBase[0m[0;34m,[0m [0mFigureManagerBase[0m[0;34m,[0m[0;34m[0m[0;34m[0m[0m
[1;32m     39[0m     RendererBase)

[0;32m~/opt/anaconda3/lib/python3.9/site-packages/matplotlib/backend_bases.py[0m in [0;36m<module>[0;34m[0m
[1;32m     44[0m [0;34m[0m[0m
[1;32m     45[0m [0;32mimport[0m [0mmatplotlib[0m [0;32mas[0m [0mmpl[0m[0;34m[0m[0;34m[0m[0m
[0;32m---> 46[0;31m from matplotlib import (
[0m[1;32m     47[0m     [0m_api[0m[0;34m,[0m [0mbackend_tools[0m [0;32mas[0m [0mtools[0m[0;34m,[0m [0mcbook[0m[0;34m,[0m [0mcolors[0m[0;34m,[0m [0mdocstring[0m[0;34m,[0m [0mtextpath[0m[0;34m,[0m[0;34m[0m[0;34m[0m[0m
[1;32m     48[0m     tight_bbox, transforms, widgets, get_backend, is_interactive, rcParams)

[0;32m~/opt/anaconda3/lib/python3.9/site-packages/matplotlib/widgets.py[0m in [0;36m<module>[0;34m[0m
[1;32m     20[0m [0;32mfrom[0m [0;34m.[0m [0;32mimport[0m [0m_api[0m[0;34m,[0m [0mbackend_tools[0m[0;34m,[0m [0mcbook[0m[0;34m,[0m [0mcolors[0m[0;34m,[0m [0mticker[0m[0;34m[0m[0;34m[0m[0m
[1;32m     21[0m [0;32mfrom[0m [0;34m.[0m[0mlines[0m [0;32mimport[0m [0mLine2D[0m[0;34m[0m[0;34m[0m[0m
[0;32m---> 22[0;31m [0;32mfrom[0m [0;34m.[0m[0mpatches[0m [0;32mimport[0m [0mCircle[0m[0;34m,[0m [0mRectangle[0m[0;34m,[0m [0mEllipse[0m[0;34m[0m[0;34m[0m[0m
[0m[1;32m     23[0m [0;32mfrom[0m [0;34m.[0m[0mtransforms[0m [0;32mimport[0m [0mTransformedPatchPath[0m[0;34m[0m[0;34m[0m[0m
[1;32m     24[0m [0;34m[0m[0m

[0;32m~/opt/anaconda3/lib/python3.9/site-packages/matplotlib/patches.py[0m in [0;36m<module>[0;34m[0m
[1;32m    931[0m [0;34m[0m[0m
[1;32m    932[0m [0;34m[0m[0m
[0;32m--> 933[0;31m [0;32mclass[0m [0mStepPatch[0m[0;34m([0m[0mPathPatch[0m[0;34m)[0m[0;34m:[0m[0;34m[0m[0;34m[0m[0m
[0m[1;32m    934[0m     """
[1;32m    935[0m     [0mA[0m [0mpath[0m [0mpatch[0m [0mdescribing[0m [0ma[0m [0mstepwise[0m [0mconstant[0m [0mfunction[0m[0;34m.[0m[0;34m[0m[0;34m[0m[0m

[0;32m~/opt/anaconda3/lib/python3.9/site-packages/matplotlib/artist.py[0m in [0;36m__init_subclass__[0;34m(cls)[0m
[1;32m    117[0m         [0mcls[0m[0;34m.[0m[0mset[0m[0;34m.[0m[0m__name__[0m [0;34m=[0m [0;34m"set"[0m[0;34m[0m[0;34m[0m[0m
[1;32m    118[0m         [0mcls[0m[0;34m.[0m[0mset[0m[0;34m.[0m[0m__qualname__[0m [0;34m=[0m [0;34mf"{cls.__qualname__}.set"[0m[0;34m[0m[0;34m[0m[0m
[0;32m--> 119[0;31m         [0mcls[0m[0;34m.[0m[0m_update_set_signature_and_docstring[0m[0;34m([0m[0;34m)[0m[0;34m[0m[0;34m[0m[0m
[0m[1;32m    120[0m [0;34m[0m[0m
[1;32m    121[0m     _PROPERTIES_EXCLUDED_FROM_SET = [

[0;32m~/opt/anaconda3/lib/python3.9/site-packages/matplotlib/artist.py[0m in [0;36m_update_set_signature_and_docstring[0;34m(cls)[0m
[1;32m    138[0m             [Parameter("self", Parameter.POSITIONAL_OR_KEYWORD),
[1;32m    139[0m              *[Parameter(prop, Parameter.KEYWORD_ONLY, default=_UNSET)
[0;32m--> 140[0;31m                [0;32mfor[0m [0mprop[0m [0;32min[0m [0mArtistInspector[0m[0;34m([0m[0mcls[0m[0;34m)[0m[0;34m.[0m[0mget_setters[0m[0;34m([0m[0;34m)[0m[0;34m[0m[0;34m[0m[0m
[0m[1;32m    141[0m                if prop not in Artist._PROPERTIES_EXCLUDED_FROM_SET]])
[1;32m    142[0m         [0mcls[0m[0;34m.[0m[0mset[0m[0;34m.[0m[0m_autogenerated_signature[0m [0;34m=[0m [0;32mTrue[0m[0;34m[0m[0;34m[0m[0m

[0;32m~/opt/anaconda3/lib/python3.9/site-packages/matplotlib/artist.py[0m in [0;36mget_setters[0;34m(self)[0m
[1;32m   1434[0m             if (not callable(func)
[1;32m   1435[0m                     [0;32mor[0m [0mlen[0m[0;34m([0m[0minspect[0m[0;34m.[0m[0msignature[0m[0;34m([0m[0mfunc[0m[0;34m)[0m[0;34m.[0m[0mparameters[0m[0;34m)[0m [0;34m<[0m [0;36m2[0m[0;34m[0m[0;34m[0m[0m
[0;32m-> 1436[0;31m                     or self.is_alias(func)):
[0m[1;32m   1437[0m                 [0;32mcontinue[0m[0;34m[0m[0;34m[0m[0m
[1;32m   1438[0m             [0msetters[0m[0;34m.[0m[0mappend[0m[0;34m([0m[0mname[0m[0;34m[[0m[0;36m4[0m[0;34m:[0m[0;34m][0m[0;34m)[0m[0;34m[0m[0;34m[0m[0m

[0;32m~/opt/anaconda3/lib/python3.9/site-packages/matplotlib/artist.py[0m in [0;36mis_alias[0;34m(self, o)[0m
[1;32m   1441[0m     [0;32mdef[0m [0mis_alias[0m[0;34m([0m[0mself[0m[0;34m,[0m [0mo[0m[0;34m)[0m[0;34m:[0m[0;34m[0m[0;34m[0m[0m
[1;32m   1442[0m         [0;34m"""Return whether method object *o* is an alias for another method."""[0m[0;34m[0m[0;34m[0m[0m
[0;32m-> 1443[0;31m         [0mds[0m [0;34m=[0m [0minspect[0m[0;34m.[0m[0mgetdoc[0m[0;34m([0m[0mo[0m[0;34m)[0m[0;34m[0m[0;34m[0m[0m
[0m[1;32m   1444[0m         [0;32mif[0m [0mds[0m [0;32mis[0m [0;32mNone[0m[0;34m:[0m[0;34m[0m[0;34m[0m[0m
[1;32m   1445[0m             [0;32mreturn[0m [0;32mFalse[0m[0;34m[0m[0;34m[0m[0m

[0;32m~/opt/anaconda3/lib/python3.9/inspect.py[0m in [0;36mgetdoc[0;34m(object)[0m
[1;32m    622[0m     [0;32mif[0m [0;32mnot[0m [0misinstance[0m[0;34m([0m[0mdoc[0m[0;34m,[0m [0mstr[0m[0;34m)[0m[0;34m:[0m[0;34m[0m[0;34m[0m[0m
[1;32m    623[0m         [0;32mreturn[0m [0;32mNone[0m[0;34m[0m[0;34m[0m[0m
[0;32m--> 624[0;31m     [0;32mreturn[0m [0mcleandoc[0m[0;34m([0m[0mdoc[0m[0;34m)[0m[0;34m[0m[0;34m[0m[0m
[0m[1;32m    625[0m [0;34m[0m[0m
[1;32m    626[0m [0;32mdef[0m [0mcleandoc[0m[0;34m([0m[0mdoc[0m[0;34m)[0m[0;34m:[0m[0;34m[0m[0;34m[0m[0m

[0;32m~/opt/anaconda3/lib/python3.9/inspect.py[0m in [0;36mcleandoc[0;34m(doc)[0m
[1;32m    639[0m             [0mcontent[0m [0;34m=[0m [0mlen[0m[0;34m([0m[0mline[0m[0;34m.[0m[0mlstrip[0m[0;34m([0m[0;34m)[0m[0;34m)[0m[0;34m[0m[0;34m[0m[0m
[1;32m    640[0m             [0;32mif[0m [0mcontent[0m[0;34m:[0m[0;34m[0m[0;34m[0m[0m
[0;32m--> 641[0;31m                 [0mindent[0m [0;34m=[0m [0mlen[0m[0;34m([0m[0mline[0m[0;34m)[0m [0;34m-[0m [0mcontent[0m[0;34m[0m[0;34m[0m[0m
[0m[1;32m    642[0m                 [0mmargin[0m [0;34m=[0m [0mmin[0m[0;34m([0m[0mmargin[0m[0;34m,[0m [0mindent[0m[0;34m)[0m[0;34m[0m[0;34m[0m[0m
[1;32m    643[0m         [0;31m# Remove indentation.[0m[0;34m[0m[0;34m[0m[0m

[0;31mKeyboardInterrupt[0m: 
KeyboardInterrupt: 

