Traceback (most recent call last):
  File "/Users/hernando/opt/anaconda3/lib/python3.9/site-packages/jupyter_cache/executors/utils.py", line 51, in single_nb_execution
    executenb(
  File "/Users/hernando/opt/anaconda3/lib/python3.9/site-packages/nbclient/client.py", line 1204, in execute
    return NotebookClient(nb=nb, resources=resources, km=km, **kwargs).execute()
  File "/Users/hernando/opt/anaconda3/lib/python3.9/site-packages/nbclient/util.py", line 84, in wrapped
    return just_run(coro(*args, **kwargs))
  File "/Users/hernando/opt/anaconda3/lib/python3.9/site-packages/nbclient/util.py", line 62, in just_run
    return loop.run_until_complete(coro)
  File "/Users/hernando/opt/anaconda3/lib/python3.9/asyncio/base_events.py", line 647, in run_until_complete
    return future.result()
  File "/Users/hernando/opt/anaconda3/lib/python3.9/site-packages/nbclient/client.py", line 663, in async_execute
    await self.async_execute_cell(
  File "/Users/hernando/opt/anaconda3/lib/python3.9/site-packages/nbclient/client.py", line 965, in async_execute_cell
    await self._check_raise_for_error(cell, cell_index, exec_reply)
  File "/Users/hernando/opt/anaconda3/lib/python3.9/site-packages/nbclient/client.py", line 862, in _check_raise_for_error
    raise CellExecutionError.from_cell_and_msg(cell, exec_reply_content)
nbclient.exceptions.CellExecutionError: An error occurred while executing the following cell:
------------------
# general imports
%matplotlib inline

# numpy and matplotlib
import numpy as np
import matplotlib
import matplotlib.pyplot as plt

from mpl_toolkits.mplot3d import Axes3D
# possible styles: ggplot (simplicity), bmh (scientify data), 
matplotlib.style.use('ggplot')
------------------

[0;31m---------------------------------------------------------------------------[0m
[0;31mKeyboardInterrupt[0m                         Traceback (most recent call last)
[0;32m/var/folders/56/_pmdccc97ljb_l3v3s6gkrxm0000gn/T/ipykernel_22106/1168484432.py[0m in [0;36m<module>[0;34m[0m
[1;32m      1[0m [0;31m# general imports[0m[0;34m[0m[0;34m[0m[0m
[0;32m----> 2[0;31m [0mget_ipython[0m[0;34m([0m[0;34m)[0m[0;34m.[0m[0mrun_line_magic[0m[0;34m([0m[0;34m'matplotlib'[0m[0;34m,[0m [0;34m'inline'[0m[0;34m)[0m[0;34m[0m[0;34m[0m[0m
[0m[1;32m      3[0m [0;34m[0m[0m
[1;32m      4[0m [0;31m# numpy and matplotlib[0m[0;34m[0m[0;34m[0m[0m
[1;32m      5[0m [0;32mimport[0m [0mnumpy[0m [0;32mas[0m [0mnp[0m[0;34m[0m[0;34m[0m[0m

[0;32m~/opt/anaconda3/lib/python3.9/site-packages/IPython/core/interactiveshell.py[0m in [0;36mrun_line_magic[0;34m(self, magic_name, line, _stack_depth)[0m
[1;32m   2362[0m                 [0mkwargs[0m[0;34m[[0m[0;34m'local_ns'[0m[0;34m][0m [0;34m=[0m [0mself[0m[0;34m.[0m[0mget_local_scope[0m[0;34m([0m[0mstack_depth[0m[0;34m)[0m[0;34m[0m[0;34m[0m[0m
[1;32m   2363[0m             [0;32mwith[0m [0mself[0m[0;34m.[0m[0mbuiltin_trap[0m[0;34m:[0m[0;34m[0m[0;34m[0m[0m
[0;32m-> 2364[0;31m                 [0mresult[0m [0;34m=[0m [0mfn[0m[0;34m([0m[0;34m*[0m[0margs[0m[0;34m,[0m [0;34m**[0m[0mkwargs[0m[0;34m)[0m[0;34m[0m[0;34m[0m[0m
[0m[1;32m   2365[0m             [0;32mreturn[0m [0mresult[0m[0;34m[0m[0;34m[0m[0m
[1;32m   2366[0m [0;34m[0m[0m

[0;32m~/opt/anaconda3/lib/python3.9/site-packages/decorator.py[0m in [0;36mfun[0;34m(*args, **kw)[0m
[1;32m    230[0m             [0;32mif[0m [0;32mnot[0m [0mkwsyntax[0m[0;34m:[0m[0;34m[0m[0;34m[0m[0m
[1;32m    231[0m                 [0margs[0m[0;34m,[0m [0mkw[0m [0;34m=[0m [0mfix[0m[0;34m([0m[0margs[0m[0;34m,[0m [0mkw[0m[0;34m,[0m [0msig[0m[0;34m)[0m[0;34m[0m[0;34m[0m[0m
[0;32m--> 232[0;31m             [0;32mreturn[0m [0mcaller[0m[0;34m([0m[0mfunc[0m[0;34m,[0m [0;34m*[0m[0;34m([0m[0mextras[0m [0;34m+[0m [0margs[0m[0;34m)[0m[0;34m,[0m [0;34m**[0m[0mkw[0m[0;34m)[0m[0;34m[0m[0;34m[0m[0m
[0m[1;32m    233[0m     [0mfun[0m[0;34m.[0m[0m__name__[0m [0;34m=[0m [0mfunc[0m[0;34m.[0m[0m__name__[0m[0;34m[0m[0;34m[0m[0m
[1;32m    234[0m     [0mfun[0m[0;34m.[0m[0m__doc__[0m [0;34m=[0m [0mfunc[0m[0;34m.[0m[0m__doc__[0m[0;34m[0m[0;34m[0m[0m

[0;32m~/opt/anaconda3/lib/python3.9/site-packages/IPython/core/magic.py[0m in [0;36m<lambda>[0;34m(f, *a, **k)[0m
[1;32m    185[0m     [0;31m# but it's overkill for just that one bit of state.[0m[0;34m[0m[0;34m[0m[0m
[1;32m    186[0m     [0;32mdef[0m [0mmagic_deco[0m[0;34m([0m[0marg[0m[0;34m)[0m[0;34m:[0m[0;34m[0m[0;34m[0m[0m
[0;32m--> 187[0;31m         [0mcall[0m [0;34m=[0m [0;32mlambda[0m [0mf[0m[0;34m,[0m [0;34m*[0m[0ma[0m[0;34m,[0m [0;34m**[0m[0mk[0m[0;34m:[0m [0mf[0m[0;34m([0m[0;34m*[0m[0ma[0m[0;34m,[0m [0;34m**[0m[0mk[0m[0;34m)[0m[0;34m[0m[0;34m[0m[0m
[0m[1;32m    188[0m [0;34m[0m[0m
[1;32m    189[0m         [0;32mif[0m [0mcallable[0m[0;34m([0m[0marg[0m[0;34m)[0m[0;34m:[0m[0;34m[0m[0;34m[0m[0m

[0;32m~/opt/anaconda3/lib/python3.9/site-packages/IPython/core/magics/pylab.py[0m in [0;36mmatplotlib[0;34m(self, line)[0m
[1;32m     97[0m             [0mprint[0m[0;34m([0m[0;34m"Available matplotlib backends: %s"[0m [0;34m%[0m [0mbackends_list[0m[0;34m)[0m[0;34m[0m[0;34m[0m[0m
[1;32m     98[0m         [0;32melse[0m[0;34m:[0m[0;34m[0m[0;34m[0m[0m
[0;32m---> 99[0;31m             [0mgui[0m[0;34m,[0m [0mbackend[0m [0;34m=[0m [0mself[0m[0;34m.[0m[0mshell[0m[0;34m.[0m[0menable_matplotlib[0m[0;34m([0m[0margs[0m[0;34m.[0m[0mgui[0m[0;34m.[0m[0mlower[0m[0;34m([0m[0;34m)[0m [0;32mif[0m [0misinstance[0m[0;34m([0m[0margs[0m[0;34m.[0m[0mgui[0m[0;34m,[0m [0mstr[0m[0;34m)[0m [0;32melse[0m [0margs[0m[0;34m.[0m[0mgui[0m[0;34m)[0m[0;34m[0m[0;34m[0m[0m
[0m[1;32m    100[0m             [0mself[0m[0;34m.[0m[0m_show_matplotlib_backend[0m[0;34m([0m[0margs[0m[0;34m.[0m[0mgui[0m[0;34m,[0m [0mbackend[0m[0;34m)[0m[0;34m[0m[0;34m[0m[0m
[1;32m    101[0m [0;34m[0m[0m

[0;32m~/opt/anaconda3/lib/python3.9/site-packages/IPython/core/interactiveshell.py[0m in [0;36menable_matplotlib[0;34m(self, gui)[0m
[1;32m   3531[0m         """
[1;32m   3532[0m         [0;32mfrom[0m [0mIPython[0m[0;34m.[0m[0mcore[0m [0;32mimport[0m [0mpylabtools[0m [0;32mas[0m [0mpt[0m[0;34m[0m[0;34m[0m[0m
[0;32m-> 3533[0;31m         [0;32mfrom[0m [0mmatplotlib_inline[0m[0;34m.[0m[0mbackend_inline[0m [0;32mimport[0m [0mconfigure_inline_support[0m[0;34m[0m[0;34m[0m[0m
[0m[1;32m   3534[0m         [0mgui[0m[0;34m,[0m [0mbackend[0m [0;34m=[0m [0mpt[0m[0;34m.[0m[0mfind_gui_and_backend[0m[0;34m([0m[0mgui[0m[0;34m,[0m [0mself[0m[0;34m.[0m[0mpylab_gui_select[0m[0;34m)[0m[0;34m[0m[0;34m[0m[0m
[1;32m   3535[0m [0;34m[0m[0m

[0;32m~/opt/anaconda3/lib/python3.9/site-packages/matplotlib_inline/__init__.py[0m in [0;36m<module>[0;34m[0m
[0;32m----> 1[0;31m [0;32mfrom[0m [0;34m.[0m [0;32mimport[0m [0mbackend_inline[0m[0;34m,[0m [0mconfig[0m  [0;31m# noqa[0m[0;34m[0m[0;34m[0m[0m
[0m[1;32m      2[0m [0m__version__[0m [0;34m=[0m [0;34m"0.1.6"[0m  [0;31m# noqa[0m[0;34m[0m[0;34m[0m[0m

[0;32m~/opt/anaconda3/lib/python3.9/site-packages/matplotlib_inline/backend_inline.py[0m in [0;36m<module>[0;34m[0m
[1;32m      4[0m [0;31m# Distributed under the terms of the BSD 3-Clause License.[0m[0;34m[0m[0;34m[0m[0m
[1;32m      5[0m [0;34m[0m[0m
[0;32m----> 6[0;31m [0;32mimport[0m [0mmatplotlib[0m[0;34m[0m[0;34m[0m[0m
[0m[1;32m      7[0m [0;32mfrom[0m [0mmatplotlib[0m [0;32mimport[0m [0mcolors[0m[0;34m[0m[0;34m[0m[0m
[1;32m      8[0m [0;32mfrom[0m [0mmatplotlib[0m[0;34m.[0m[0mbackends[0m [0;32mimport[0m [0mbackend_agg[0m[0;34m[0m[0;34m[0m[0m

[0;32m~/opt/anaconda3/lib/python3.9/site-packages/matplotlib/__init__.py[0m in [0;36m<module>[0;34m[0m
[1;32m    102[0m [0;32mimport[0m [0mwarnings[0m[0;34m[0m[0;34m[0m[0m
[1;32m    103[0m [0;34m[0m[0m
[0;32m--> 104[0;31m [0;32mimport[0m [0mnumpy[0m[0;34m[0m[0;34m[0m[0m
[0m[1;32m    105[0m [0;32mfrom[0m [0mpackaging[0m[0;34m.[0m[0mversion[0m [0;32mimport[0m [0mparse[0m [0;32mas[0m [0mparse_version[0m[0;34m[0m[0;34m[0m[0m
[1;32m    106[0m [0;34m[0m[0m

[0;32m~/opt/anaconda3/lib/python3.9/site-packages/numpy/__init__.py[0m in [0;36m<module>[0;34m[0m
[1;32m    335[0m [0;34m[0m[0m
[1;32m    336[0m     [0;32mimport[0m [0mmkl[0m[0;34m[0m[0;34m[0m[0m
[0;32m--> 337[0;31m     [0m__mkl_version__[0m [0;34m=[0m [0;34m"{MajorVersion}.{MinorVersion}.{UpdateVersion}"[0m[0;34m.[0m[0mformat[0m[0;34m([0m[0;34m**[0m[0mmkl[0m[0;34m.[0m[0mget_version[0m[0;34m([0m[0;34m)[0m[0;34m)[0m[0;34m[0m[0;34m[0m[0m
[0m[1;32m    338[0m [0;34m[0m[0m
[1;32m    339[0m [0;34m[0m[0m

[0;31mKeyboardInterrupt[0m: 
KeyboardInterrupt: 

